c:\users\manno\desktop\rogue software\hyperbone\build\vc142.pdb
c:\users\manno\desktop\rogue software\hyperbone\build\menu.obj
c:\users\manno\desktop\rogue software\hyperbone\build\main.obj
c:\users\manno\desktop\rogue software\hyperbone\build\hook.obj
c:\users\manno\desktop\rogue software\hyperbone\build\imgui_widgets.obj
c:\users\manno\desktop\rogue software\hyperbone\build\imgui_tables.obj
c:\users\manno\desktop\rogue software\hyperbone\build\imgui_impl_win32.obj
c:\users\manno\desktop\rogue software\hyperbone\build\imgui_impl_dx11.obj
c:\users\manno\desktop\rogue software\hyperbone\build\imgui_draw.obj
c:\users\manno\desktop\rogue software\hyperbone\build\imgui_demo.obj
c:\users\manno\desktop\rogue software\hyperbone\build\imgui.obj
c:\users\manno\desktop\rogue software\hyperbone\build\custom.obj
c:\users\manno\desktop\rogue software\hyperbone\build\engine_functions.obj
c:\users\manno\desktop\rogue software\hyperbone\build\coreuobject_functions.obj
c:\users\manno\desktop\rogue software\hyperbone\build\basichelper.obj
c:\users\manno\desktop\rogue software\hyperbone\build\player.obj
c:\users\manno\desktop\rogue software\hyperbone\build\name.obj
c:\users\manno\desktop\rogue software\hyperbone\build\distance.obj
c:\users\manno\desktop\rogue software\hyperbone\build\bone.obj
c:\users\manno\desktop\rogue software\hyperbone\build\aimbot.obj
c:\users\manno\desktop\rogue software\hyperbone\build\addr.obj
c:\users\manno\desktop\rogue software\hyperbone\bin\rogue.dll
c:\users\manno\desktop\rogue software\hyperbone\build\rogue.ipdb
c:\users\manno\desktop\rogue software\hyperbone\build\rogue.iobj
c:\users\manno\desktop\rogue software\hyperbone\build\rogue.tlog\cl.command.1.tlog
c:\users\manno\desktop\rogue software\hyperbone\build\rogue.tlog\cl.read.1.tlog
c:\users\manno\desktop\rogue software\hyperbone\build\rogue.tlog\cl.write.1.tlog
c:\users\manno\desktop\rogue software\hyperbone\build\rogue.tlog\link.command.1.tlog
c:\users\manno\desktop\rogue software\hyperbone\build\rogue.tlog\link.read.1.tlog
c:\users\manno\desktop\rogue software\hyperbone\build\rogue.tlog\link.write.1.tlog
